Determining if the pthread_create exist failed with the following output:
Change Dir: /home/vincent/Project/r2_sim/build/CMakeFiles/CMakeTmp

Run Build Command:/usr/bin/make "cmTryCompileExec3310325582/fast"
/usr/bin/make -f CMakeFiles/cmTryCompileExec3310325582.dir/build.make CMakeFiles/cmTryCompileExec3310325582.dir/build
make[1]: Entering directory `/home/vincent/Project/r2_sim/build/CMakeFiles/CMakeTmp'
/usr/bin/cmake -E cmake_progress_report /home/vincent/Project/r2_sim/build/CMakeFiles/CMakeTmp/CMakeFiles 1
Building C object CMakeFiles/cmTryCompileExec3310325582.dir/CheckSymbolExists.c.o
/usr/bin/cc    -o CMakeFiles/cmTryCompileExec3310325582.dir/CheckSymbolExists.c.o   -c /home/vincent/Project/r2_sim/build/CMakeFiles/CMakeTmp/CheckSymbolExists.c
Linking C executable cmTryCompileExec3310325582
/usr/bin/cmake -E cmake_link_script CMakeFiles/cmTryCompileExec3310325582.dir/link.txt --verbose=1
/usr/bin/cc       CMakeFiles/cmTryCompileExec3310325582.dir/CheckSymbolExists.c.o  -o cmTryCompileExec3310325582 -rdynamic 
CMakeFiles/cmTryCompileExec3310325582.dir/CheckSymbolExists.c.o: In function `main':
CheckSymbolExists.c:(.text+0x16): undefined reference to `pthread_create'
collect2: error: ld returned 1 exit status
make[1]: *** [cmTryCompileExec3310325582] Error 1
make[1]: Leaving directory `/home/vincent/Project/r2_sim/build/CMakeFiles/CMakeTmp'
make: *** [cmTryCompileExec3310325582/fast] Error 2

File /home/vincent/Project/r2_sim/build/CMakeFiles/CMakeTmp/CheckSymbolExists.c:
/* */
#include <pthread.h>

int main(int argc, char** argv)
{
  (void)argv;
#ifndef pthread_create
  return ((int*)(&pthread_create))[argc];
#else
  (void)argc;
  return 0;
#endif
}

Determining if the function pthread_create exists in the pthreads failed with the following output:
Change Dir: /home/vincent/Project/r2_sim/build/CMakeFiles/CMakeTmp

Run Build Command:/usr/bin/make "cmTryCompileExec2615449770/fast"
/usr/bin/make -f CMakeFiles/cmTryCompileExec2615449770.dir/build.make CMakeFiles/cmTryCompileExec2615449770.dir/build
make[1]: Entering directory `/home/vincent/Project/r2_sim/build/CMakeFiles/CMakeTmp'
/usr/bin/cmake -E cmake_progress_report /home/vincent/Project/r2_sim/build/CMakeFiles/CMakeTmp/CMakeFiles 1
Building C object CMakeFiles/cmTryCompileExec2615449770.dir/CheckFunctionExists.c.o
/usr/bin/cc   -DCHECK_FUNCTION_EXISTS=pthread_create   -o CMakeFiles/cmTryCompileExec2615449770.dir/CheckFunctionExists.c.o   -c /usr/share/cmake-2.8/Modules/CheckFunctionExists.c
Linking C executable cmTryCompileExec2615449770
/usr/bin/cmake -E cmake_link_script CMakeFiles/cmTryCompileExec2615449770.dir/link.txt --verbose=1
/usr/bin/cc   -DCHECK_FUNCTION_EXISTS=pthread_create    CMakeFiles/cmTryCompileExec2615449770.dir/CheckFunctionExists.c.o  -o cmTryCompileExec2615449770 -rdynamic -lpthreads 
/usr/bin/ld: cannot find -lpthreads
collect2: error: ld returned 1 exit status
make[1]: *** [cmTryCompileExec2615449770] Error 1
make[1]: Leaving directory `/home/vincent/Project/r2_sim/build/CMakeFiles/CMakeTmp'
make: *** [cmTryCompileExec2615449770/fast] Error 2


